<?xml version="1.0" encoding="UTF-8"?>
<testsuite name="KubeTest" tests="1" skipped="0" failures="0" errors="0" timestamp="2020-01-31T11:12:23" hostname="ip-10-12-154-36.ec2.internal" time="9.117">
  <properties/>
  <testcase name="testSendNotification" classname="KubeTest" time="9.117"/>
  <system-out><![CDATA[pod name=parser-staging-5dfcfd67df-j68w8
pod name=parser-staging-5dfcfd67df-j68w8
pod name=parser-staging-5f85f67447-kss4g
pod name=parser-staging-5f85f67447-kss4g
pod name=parser-staging-66d8d8b9fb-p9t7w
pod name=parser-staging-66d8d8b9fb-p9t7w
pod name=parser-staging-6d979cdc46-fc5qj
pod name=parser-staging-6d979cdc46-fc5qj
pod name=parser-staging-7dcc574d8f-cvn8l
pod name=parser-staging-7dcc574d8f-cvn8l
pod name=slice-prometheus-operator-admission-create-4m6cs
pod name=slice-prometheus-operator-admission-patch-n4f5p
]]></system-out>
  <system-err><![CDATA[SLF4J: Failed to load class "org.slf4j.impl.StaticLoggerBinder".
SLF4J: Defaulting to no-operation (NOP) logger implementation
SLF4J: See http://www.slf4j.org/codes.html#StaticLoggerBinder for further details.
]]></system-err>
</testsuite>
